{"E:\\CAW\\Desktop\\CTD\\Node_26.3\\node-homework\\app.js": {"path":"E:\\CAW\\Desktop\\CTD\\Node_26.3\\node-homework\\app.js","statementMap":{"0":{"start":{"line":1,"column":16},"end":{"line":1,"column":34}},"1":{"start":{"line":2,"column":19},"end":{"line":2,"column":49}},"2":{"start":{"line":3,"column":19},"end":{"line":3,"column":49}},"3":{"start":{"line":4,"column":17},"end":{"line":4,"column":50}},"4":{"start":{"line":5,"column":21},"end":{"line":5,"column":58}},"5":{"start":{"line":6,"column":19},"end":{"line":6,"column":49}},"6":{"start":{"line":7,"column":24},"end":{"line":7,"column":59}},"7":{"start":{"line":8,"column":15},"end":{"line":8,"column":37}},"8":{"start":{"line":9,"column":21},"end":{"line":9,"column":45}},"9":{"start":{"line":11,"column":12},"end":{"line":11,"column":21}},"10":{"start":{"line":13,"column":0},"end":{"line":13,"column":26}},"11":{"start":{"line":15,"column":15},"end":{"line":15,"column":32}},"12":{"start":{"line":16,"column":16},"end":{"line":16,"column":48}},"13":{"start":{"line":17,"column":20},"end":{"line":17,"column":49}},"14":{"start":{"line":19,"column":0},"end":{"line":24,"column":2}},"15":{"start":{"line":26,"column":0},"end":{"line":26,"column":18}},"16":{"start":{"line":28,"column":0},"end":{"line":28,"column":24}},"17":{"start":{"line":30,"column":0},"end":{"line":30,"column":24}},"18":{"start":{"line":32,"column":0},"end":{"line":32,"column":15}},"19":{"start":{"line":35,"column":0},"end":{"line":35,"column":28}},"20":{"start":{"line":37,"column":0},"end":{"line":37,"column":34}},"21":{"start":{"line":38,"column":0},"end":{"line":38,"column":34}},"22":{"start":{"line":39,"column":0},"end":{"line":39,"column":43}},"23":{"start":{"line":41,"column":0},"end":{"line":50,"column":3}},"24":{"start":{"line":42,"column":2},"end":{"line":49,"column":3}},"25":{"start":{"line":43,"column":4},"end":{"line":43,"column":37}},"26":{"start":{"line":44,"column":4},"end":{"line":44,"column":48}},"27":{"start":{"line":46,"column":4},"end":{"line":48,"column":74}},"28":{"start":{"line":53,"column":0},"end":{"line":55,"column":3}},"29":{"start":{"line":54,"column":2},"end":{"line":54,"column":28}},"30":{"start":{"line":57,"column":0},"end":{"line":61,"column":3}},"31":{"start":{"line":58,"column":2},"end":{"line":60,"column":5}},"32":{"start":{"line":63,"column":0},"end":{"line":63,"column":18}},"33":{"start":{"line":64,"column":0},"end":{"line":64,"column":22}},"34":{"start":{"line":66,"column":13},"end":{"line":66,"column":37}},"35":{"start":{"line":68,"column":15},"end":{"line":70,"column":2}},"36":{"start":{"line":69,"column":2},"end":{"line":69,"column":56}},"37":{"start":{"line":73,"column":0},"end":{"line":81,"column":3}},"38":{"start":{"line":74,"column":2},"end":{"line":78,"column":3}},"39":{"start":{"line":75,"column":4},"end":{"line":75,"column":52}},"40":{"start":{"line":77,"column":4},"end":{"line":77,"column":40}},"41":{"start":{"line":80,"column":2},"end":{"line":80,"column":18}},"42":{"start":{"line":84,"column":21},"end":{"line":84,"column":26}},"43":{"start":{"line":87,"column":2},"end":{"line":87,"column":29}},"44":{"start":{"line":87,"column":22},"end":{"line":87,"column":29}},"45":{"start":{"line":88,"column":2},"end":{"line":88,"column":24}},"46":{"start":{"line":90,"column":2},"end":{"line":90,"column":45}},"47":{"start":{"line":92,"column":2},"end":{"line":108,"column":3}},"48":{"start":{"line":93,"column":4},"end":{"line":98,"column":7}},"49":{"start":{"line":94,"column":6},"end":{"line":97,"column":9}},"50":{"start":{"line":95,"column":8},"end":{"line":96,"column":23}},"51":{"start":{"line":95,"column":17},"end":{"line":95,"column":29}},"52":{"start":{"line":96,"column":13},"end":{"line":96,"column":23}},"53":{"start":{"line":99,"column":4},"end":{"line":99,"column":39}},"54":{"start":{"line":101,"column":4},"end":{"line":101,"column":49}},"55":{"start":{"line":102,"column":4},"end":{"line":102,"column":13}},"56":{"start":{"line":104,"column":4},"end":{"line":104,"column":31}},"57":{"start":{"line":105,"column":4},"end":{"line":105,"column":39}},"58":{"start":{"line":107,"column":4},"end":{"line":107,"column":23}},"59":{"start":{"line":111,"column":0},"end":{"line":111,"column":40}},"60":{"start":{"line":111,"column":27},"end":{"line":111,"column":38}},"61":{"start":{"line":112,"column":0},"end":{"line":112,"column":41}},"62":{"start":{"line":112,"column":28},"end":{"line":112,"column":39}},"63":{"start":{"line":114,"column":0},"end":{"line":114,"column":33}}},"fnMap":{"0":{"name":"(anonymous_0)","decl":{"start":{"line":41,"column":19},"end":{"line":41,"column":20}},"loc":{"start":{"line":41,"column":39},"end":{"line":50,"column":1}},"line":41},"1":{"name":"(anonymous_1)","decl":{"start":{"line":53,"column":13},"end":{"line":53,"column":14}},"loc":{"start":{"line":53,"column":27},"end":{"line":55,"column":1}},"line":53},"2":{"name":"(anonymous_2)","decl":{"start":{"line":57,"column":22},"end":{"line":57,"column":23}},"loc":{"start":{"line":57,"column":36},"end":{"line":61,"column":1}},"line":57},"3":{"name":"(anonymous_3)","decl":{"start":{"line":68,"column":32},"end":{"line":68,"column":33}},"loc":{"start":{"line":68,"column":38},"end":{"line":70,"column":1}},"line":68},"4":{"name":"(anonymous_4)","decl":{"start":{"line":73,"column":19},"end":{"line":73,"column":20}},"loc":{"start":{"line":73,"column":28},"end":{"line":81,"column":1}},"line":73},"5":{"name":"shutdown","decl":{"start":{"line":86,"column":15},"end":{"line":86,"column":23}},"loc":{"start":{"line":86,"column":34},"end":{"line":109,"column":1}},"line":86},"6":{"name":"(anonymous_6)","decl":{"start":{"line":93,"column":22},"end":{"line":93,"column":23}},"loc":{"start":{"line":93,"column":43},"end":{"line":98,"column":5}},"line":93},"7":{"name":"(anonymous_7)","decl":{"start":{"line":94,"column":19},"end":{"line":94,"column":20}},"loc":{"start":{"line":94,"column":28},"end":{"line":97,"column":7}},"line":94},"8":{"name":"(anonymous_8)","decl":{"start":{"line":111,"column":21},"end":{"line":111,"column":22}},"loc":{"start":{"line":111,"column":27},"end":{"line":111,"column":38}},"line":111},"9":{"name":"(anonymous_9)","decl":{"start":{"line":112,"column":22},"end":{"line":112,"column":23}},"loc":{"start":{"line":112,"column":28},"end":{"line":112,"column":39}},"line":112}},"branchMap":{"0":{"loc":{"start":{"line":66,"column":13},"end":{"line":66,"column":37}},"type":"binary-expr","locations":[{"start":{"line":66,"column":13},"end":{"line":66,"column":29}},{"start":{"line":66,"column":33},"end":{"line":66,"column":37}}],"line":66},"1":{"loc":{"start":{"line":74,"column":2},"end":{"line":78,"column":3}},"type":"if","locations":[{"start":{"line":74,"column":2},"end":{"line":78,"column":3}},{"start":{"line":76,"column":9},"end":{"line":78,"column":3}}],"line":74},"2":{"loc":{"start":{"line":86,"column":24},"end":{"line":86,"column":32}},"type":"default-arg","locations":[{"start":{"line":86,"column":31},"end":{"line":86,"column":32}}],"line":86},"3":{"loc":{"start":{"line":87,"column":2},"end":{"line":87,"column":29}},"type":"if","locations":[{"start":{"line":87,"column":2},"end":{"line":87,"column":29}},{"start":{},"end":{}}],"line":87},"4":{"loc":{"start":{"line":95,"column":8},"end":{"line":96,"column":23}},"type":"if","locations":[{"start":{"line":95,"column":8},"end":{"line":96,"column":23}},{"start":{"line":96,"column":13},"end":{"line":96,"column":23}}],"line":95}},"s":{"0":1,"1":1,"2":1,"3":1,"4":1,"5":1,"6":1,"7":1,"8":1,"9":1,"10":1,"11":1,"12":1,"13":1,"14":1,"15":1,"16":1,"17":1,"18":1,"19":1,"20":1,"21":1,"22":1,"23":1,"24":0,"25":0,"26":0,"27":0,"28":1,"29":0,"30":1,"31":0,"32":1,"33":1,"34":1,"35":1,"36":1,"37":1,"38":0,"39":0,"40":0,"41":0,"42":1,"43":0,"44":0,"45":0,"46":0,"47":0,"48":0,"49":0,"50":0,"51":0,"52":0,"53":0,"54":0,"55":0,"56":0,"57":0,"58":0,"59":1,"60":0,"61":1,"62":0,"63":1},"f":{"0":0,"1":0,"2":0,"3":1,"4":0,"5":0,"6":0,"7":0,"8":0,"9":0},"b":{"0":[1,1],"1":[0,0],"2":[0],"3":[0,0],"4":[0,0]},"_coverageSchema":"1a1c01bbd47fc00a2c39e90264f33305004495a9","hash":"4499cc6c34f7c7a4abccf320e8bfdcd654b25b7e"}
,"E:\\CAW\\Desktop\\CTD\\Node_26.3\\node-homework\\controllers\\analyticsController.js": {"path":"E:\\CAW\\Desktop\\CTD\\Node_26.3\\node-homework\\controllers\\analyticsController.js","statementMap":{"0":{"start":{"line":1,"column":15},"end":{"line":1,"column":38}},"1":{"start":{"line":4,"column":17},"end":{"line":4,"column":40}},"2":{"start":{"line":6,"column":2},"end":{"line":8,"column":3}},"3":{"start":{"line":7,"column":4},"end":{"line":7,"column":73}},"4":{"start":{"line":10,"column":20},"end":{"line":12,"column":4}},"5":{"start":{"line":14,"column":2},"end":{"line":16,"column":3}},"6":{"start":{"line":15,"column":4},"end":{"line":15,"column":74}},"7":{"start":{"line":18,"column":20},"end":{"line":22,"column":4}},"8":{"start":{"line":24,"column":22},"end":{"line":40,"column":4}},"9":{"start":{"line":42,"column":21},"end":{"line":42,"column":31}},"10":{"start":{"line":43,"column":2},"end":{"line":43,"column":47}},"11":{"start":{"line":45,"column":25},"end":{"line":52,"column":4}},"12":{"start":{"line":54,"column":2},"end":{"line":58,"column":5}},"13":{"start":{"line":62,"column":15},"end":{"line":62,"column":44}},"14":{"start":{"line":63,"column":16},"end":{"line":63,"column":47}},"15":{"start":{"line":64,"column":15},"end":{"line":64,"column":33}},"16":{"start":{"line":66,"column":2},"end":{"line":71,"column":3}},"17":{"start":{"line":67,"column":4},"end":{"line":70,"column":7}},"18":{"start":{"line":73,"column":19},"end":{"line":89,"column":4}},"19":{"start":{"line":91,"column":16},"end":{"line":98,"column":5}},"20":{"start":{"line":91,"column":40},"end":{"line":98,"column":3}},"21":{"start":{"line":100,"column":21},"end":{"line":100,"column":46}},"22":{"start":{"line":102,"column":21},"end":{"line":109,"column":3}},"23":{"start":{"line":111,"column":2},"end":{"line":111,"column":53}},"24":{"start":{"line":115,"column":22},"end":{"line":115,"column":33}},"25":{"start":{"line":117,"column":2},"end":{"line":121,"column":3}},"26":{"start":{"line":118,"column":4},"end":{"line":120,"column":7}},"27":{"start":{"line":123,"column":16},"end":{"line":123,"column":47}},"28":{"start":{"line":125,"column":24},"end":{"line":125,"column":42}},"29":{"start":{"line":126,"column":21},"end":{"line":126,"column":32}},"30":{"start":{"line":127,"column":21},"end":{"line":127,"column":38}},"31":{"start":{"line":129,"column":24},"end":{"line":151,"column":5}},"32":{"start":{"line":153,"column":2},"end":{"line":157,"column":5}},"33":{"start":{"line":160,"column":0},"end":{"line":160,"column":70}}},"fnMap":{"0":{"name":"getUserAnalytics","decl":{"start":{"line":3,"column":15},"end":{"line":3,"column":31}},"loc":{"start":{"line":3,"column":42},"end":{"line":59,"column":1}},"line":3},"1":{"name":"getUsersWithStats","decl":{"start":{"line":61,"column":15},"end":{"line":61,"column":32}},"loc":{"start":{"line":61,"column":43},"end":{"line":112,"column":1}},"line":61},"2":{"name":"(anonymous_2)","decl":{"start":{"line":91,"column":29},"end":{"line":91,"column":30}},"loc":{"start":{"line":91,"column":40},"end":{"line":98,"column":3}},"line":91},"3":{"name":"searchTasks","decl":{"start":{"line":114,"column":15},"end":{"line":114,"column":26}},"loc":{"start":{"line":114,"column":37},"end":{"line":158,"column":1}},"line":114}},"branchMap":{"0":{"loc":{"start":{"line":6,"column":2},"end":{"line":8,"column":3}},"type":"if","locations":[{"start":{"line":6,"column":2},"end":{"line":8,"column":3}},{"start":{},"end":{}}],"line":6},"1":{"loc":{"start":{"line":14,"column":2},"end":{"line":16,"column":3}},"type":"if","locations":[{"start":{"line":14,"column":2},"end":{"line":16,"column":3}},{"start":{},"end":{}}],"line":14},"2":{"loc":{"start":{"line":62,"column":15},"end":{"line":62,"column":44}},"type":"binary-expr","locations":[{"start":{"line":62,"column":15},"end":{"line":62,"column":39}},{"start":{"line":62,"column":43},"end":{"line":62,"column":44}}],"line":62},"3":{"loc":{"start":{"line":63,"column":16},"end":{"line":63,"column":47}},"type":"binary-expr","locations":[{"start":{"line":63,"column":16},"end":{"line":63,"column":41}},{"start":{"line":63,"column":45},"end":{"line":63,"column":47}}],"line":63},"4":{"loc":{"start":{"line":66,"column":2},"end":{"line":71,"column":3}},"type":"if","locations":[{"start":{"line":66,"column":2},"end":{"line":71,"column":3}},{"start":{},"end":{}}],"line":66},"5":{"loc":{"start":{"line":66,"column":6},"end":{"line":66,"column":42}},"type":"binary-expr","locations":[{"start":{"line":66,"column":6},"end":{"line":66,"column":14}},{"start":{"line":66,"column":18},"end":{"line":66,"column":27}},{"start":{"line":66,"column":31},"end":{"line":66,"column":42}}],"line":66},"6":{"loc":{"start":{"line":117,"column":2},"end":{"line":121,"column":3}},"type":"if","locations":[{"start":{"line":117,"column":2},"end":{"line":121,"column":3}},{"start":{},"end":{}}],"line":117},"7":{"loc":{"start":{"line":117,"column":6},"end":{"line":117,"column":51}},"type":"binary-expr","locations":[{"start":{"line":117,"column":6},"end":{"line":117,"column":18}},{"start":{"line":117,"column":22},"end":{"line":117,"column":51}}],"line":117},"8":{"loc":{"start":{"line":123,"column":16},"end":{"line":123,"column":47}},"type":"binary-expr","locations":[{"start":{"line":123,"column":16},"end":{"line":123,"column":41}},{"start":{"line":123,"column":45},"end":{"line":123,"column":47}}],"line":123}},"s":{"0":1,"1":0,"2":0,"3":0,"4":0,"5":0,"6":0,"7":0,"8":0,"9":0,"10":0,"11":0,"12":0,"13":0,"14":0,"15":0,"16":0,"17":0,"18":0,"19":0,"20":0,"21":0,"22":0,"23":0,"24":0,"25":0,"26":0,"27":0,"28":0,"29":0,"30":0,"31":0,"32":0,"33":1},"f":{"0":0,"1":0,"2":0,"3":0},"b":{"0":[0,0],"1":[0,0],"2":[0,0],"3":[0,0],"4":[0,0],"5":[0,0,0],"6":[0,0],"7":[0,0],"8":[0,0]},"_coverageSchema":"1a1c01bbd47fc00a2c39e90264f33305004495a9","hash":"fc7b6b0cad2f1ae5fa07b1edaf18022ad1b5e8bf"}
,"E:\\CAW\\Desktop\\CTD\\Node_26.3\\node-homework\\controllers\\taskController.js": {"path":"E:\\CAW\\Desktop\\CTD\\Node_26.3\\node-homework\\controllers\\taskController.js","statementMap":{"0":{"start":{"line":1,"column":40},"end":{"line":1,"column":75}},"1":{"start":{"line":2,"column":15},"end":{"line":2,"column":38}},"2":{"start":{"line":5,"column":2},"end":{"line":5,"column":31}},"3":{"start":{"line":5,"column":17},"end":{"line":5,"column":31}},"4":{"start":{"line":6,"column":27},"end":{"line":8,"column":4}},"5":{"start":{"line":10,"column":2},"end":{"line":14,"column":3}},"6":{"start":{"line":11,"column":4},"end":{"line":13,"column":7}},"7":{"start":{"line":16,"column":15},"end":{"line":24,"column":4}},"8":{"start":{"line":28,"column":42},"end":{"line":28,"column":46}},"9":{"start":{"line":29,"column":2},"end":{"line":29,"column":48}},"10":{"start":{"line":33,"column":15},"end":{"line":33,"column":44}},"11":{"start":{"line":34,"column":16},"end":{"line":34,"column":47}},"12":{"start":{"line":35,"column":15},"end":{"line":35,"column":33}},"13":{"start":{"line":37,"column":22},"end":{"line":37,"column":45}},"14":{"start":{"line":39,"column":2},"end":{"line":44,"column":3}},"15":{"start":{"line":40,"column":4},"end":{"line":43,"column":6}},"16":{"start":{"line":46,"column":2},"end":{"line":48,"column":3}},"17":{"start":{"line":47,"column":4},"end":{"line":47,"column":63}},"18":{"start":{"line":50,"column":2},"end":{"line":52,"column":3}},"19":{"start":{"line":51,"column":4},"end":{"line":51,"column":46}},"20":{"start":{"line":54,"column":2},"end":{"line":64,"column":3}},"21":{"start":{"line":56,"column":4},"end":{"line":56,"column":31}},"22":{"start":{"line":58,"column":4},"end":{"line":60,"column":5}},"23":{"start":{"line":59,"column":6},"end":{"line":59,"column":63}},"24":{"start":{"line":61,"column":4},"end":{"line":63,"column":5}},"25":{"start":{"line":62,"column":6},"end":{"line":62,"column":63}},"26":{"start":{"line":66,"column":21},"end":{"line":82,"column":3}},"27":{"start":{"line":67,"column":28},"end":{"line":73,"column":5}},"28":{"start":{"line":74,"column":19},"end":{"line":74,"column":46}},"29":{"start":{"line":75,"column":26},"end":{"line":75,"column":72}},"30":{"start":{"line":77,"column":4},"end":{"line":79,"column":5}},"31":{"start":{"line":78,"column":6},"end":{"line":78,"column":41}},"32":{"start":{"line":81,"column":4},"end":{"line":81,"column":33}},"33":{"start":{"line":84,"column":16},"end":{"line":102,"column":4}},"34":{"start":{"line":104,"column":21},"end":{"line":106,"column":4}},"35":{"start":{"line":108,"column":21},"end":{"line":115,"column":3}},"36":{"start":{"line":117,"column":2},"end":{"line":127,"column":3}},"37":{"start":{"line":118,"column":4},"end":{"line":120,"column":7}},"38":{"start":{"line":122,"column":23},"end":{"line":124,"column":5}},"39":{"start":{"line":123,"column":45},"end":{"line":123,"column":63}},"40":{"start":{"line":126,"column":4},"end":{"line":126,"column":67}},"41":{"start":{"line":131,"column":17},"end":{"line":131,"column":41}},"42":{"start":{"line":132,"column":2},"end":{"line":136,"column":3}},"43":{"start":{"line":133,"column":4},"end":{"line":135,"column":7}},"44":{"start":{"line":138,"column":2},"end":{"line":168,"column":3}},"45":{"start":{"line":139,"column":17},"end":{"line":155,"column":6}},"46":{"start":{"line":156,"column":4},"end":{"line":160,"column":5}},"47":{"start":{"line":157,"column":6},"end":{"line":159,"column":9}},"48":{"start":{"line":161,"column":4},"end":{"line":161,"column":38}},"49":{"start":{"line":163,"column":4},"end":{"line":167,"column":5}},"50":{"start":{"line":164,"column":6},"end":{"line":164,"column":74}},"51":{"start":{"line":166,"column":6},"end":{"line":166,"column":23}},"52":{"start":{"line":172,"column":2},"end":{"line":172,"column":31}},"53":{"start":{"line":172,"column":17},"end":{"line":172,"column":31}},"54":{"start":{"line":173,"column":27},"end":{"line":175,"column":4}},"55":{"start":{"line":177,"column":2},"end":{"line":181,"column":3}},"56":{"start":{"line":178,"column":4},"end":{"line":180,"column":7}},"57":{"start":{"line":183,"column":13},"end":{"line":183,"column":37}},"58":{"start":{"line":184,"column":2},"end":{"line":188,"column":3}},"59":{"start":{"line":185,"column":4},"end":{"line":187,"column":7}},"60":{"start":{"line":190,"column":2},"end":{"line":207,"column":3}},"61":{"start":{"line":191,"column":17},"end":{"line":198,"column":6}},"62":{"start":{"line":200,"column":4},"end":{"line":200,"column":38}},"63":{"start":{"line":202,"column":4},"end":{"line":206,"column":5}},"64":{"start":{"line":203,"column":6},"end":{"line":203,"column":74}},"65":{"start":{"line":205,"column":6},"end":{"line":205,"column":23}},"66":{"start":{"line":211,"column":17},"end":{"line":211,"column":41}},"67":{"start":{"line":213,"column":2},"end":{"line":217,"column":3}},"68":{"start":{"line":214,"column":4},"end":{"line":216,"column":7}},"69":{"start":{"line":219,"column":2},"end":{"line":234,"column":3}},"70":{"start":{"line":220,"column":17},"end":{"line":226,"column":6}},"71":{"start":{"line":227,"column":4},"end":{"line":227,"column":38}},"72":{"start":{"line":229,"column":4},"end":{"line":233,"column":5}},"73":{"start":{"line":230,"column":6},"end":{"line":230,"column":74}},"74":{"start":{"line":232,"column":6},"end":{"line":232,"column":23}},"75":{"start":{"line":238,"column":20},"end":{"line":238,"column":28}},"76":{"start":{"line":240,"column":2},"end":{"line":244,"column":3}},"77":{"start":{"line":241,"column":4},"end":{"line":243,"column":7}},"78":{"start":{"line":246,"column":21},"end":{"line":246,"column":23}},"79":{"start":{"line":247,"column":2},"end":{"line":261,"column":3}},"80":{"start":{"line":248,"column":29},"end":{"line":248,"column":54}},"81":{"start":{"line":249,"column":4},"end":{"line":254,"column":5}},"82":{"start":{"line":250,"column":6},"end":{"line":253,"column":9}},"83":{"start":{"line":255,"column":4},"end":{"line":260,"column":7}},"84":{"start":{"line":263,"column":2},"end":{"line":276,"column":3}},"85":{"start":{"line":264,"column":19},"end":{"line":267,"column":6}},"86":{"start":{"line":269,"column":4},"end":{"line":273,"column":7}},"87":{"start":{"line":275,"column":4},"end":{"line":275,"column":21}},"88":{"start":{"line":279,"column":0},"end":{"line":286,"column":2}}},"fnMap":{"0":{"name":"create","decl":{"start":{"line":4,"column":15},"end":{"line":4,"column":21}},"loc":{"start":{"line":4,"column":32},"end":{"line":30,"column":1}},"line":4},"1":{"name":"index","decl":{"start":{"line":32,"column":15},"end":{"line":32,"column":20}},"loc":{"start":{"line":32,"column":31},"end":{"line":128,"column":1}},"line":32},"2":{"name":"(anonymous_2)","decl":{"start":{"line":66,"column":21},"end":{"line":66,"column":22}},"loc":{"start":{"line":66,"column":32},"end":{"line":82,"column":3}},"line":66},"3":{"name":"(anonymous_3)","decl":{"start":{"line":123,"column":6},"end":{"line":123,"column":7}},"loc":{"start":{"line":123,"column":45},"end":{"line":123,"column":63}},"line":123},"4":{"name":"show","decl":{"start":{"line":130,"column":15},"end":{"line":130,"column":19}},"loc":{"start":{"line":130,"column":36},"end":{"line":169,"column":1}},"line":130},"5":{"name":"update","decl":{"start":{"line":171,"column":15},"end":{"line":171,"column":21}},"loc":{"start":{"line":171,"column":38},"end":{"line":208,"column":1}},"line":171},"6":{"name":"deleteTask","decl":{"start":{"line":210,"column":15},"end":{"line":210,"column":25}},"loc":{"start":{"line":210,"column":42},"end":{"line":235,"column":1}},"line":210},"7":{"name":"bulkCreate","decl":{"start":{"line":237,"column":15},"end":{"line":237,"column":25}},"loc":{"start":{"line":237,"column":42},"end":{"line":277,"column":1}},"line":237}},"branchMap":{"0":{"loc":{"start":{"line":5,"column":2},"end":{"line":5,"column":31}},"type":"if","locations":[{"start":{"line":5,"column":2},"end":{"line":5,"column":31}},{"start":{},"end":{}}],"line":5},"1":{"loc":{"start":{"line":10,"column":2},"end":{"line":14,"column":3}},"type":"if","locations":[{"start":{"line":10,"column":2},"end":{"line":14,"column":3}},{"start":{},"end":{}}],"line":10},"2":{"loc":{"start":{"line":33,"column":15},"end":{"line":33,"column":44}},"type":"binary-expr","locations":[{"start":{"line":33,"column":15},"end":{"line":33,"column":39}},{"start":{"line":33,"column":43},"end":{"line":33,"column":44}}],"line":33},"3":{"loc":{"start":{"line":34,"column":16},"end":{"line":34,"column":47}},"type":"binary-expr","locations":[{"start":{"line":34,"column":16},"end":{"line":34,"column":41}},{"start":{"line":34,"column":45},"end":{"line":34,"column":47}}],"line":34},"4":{"loc":{"start":{"line":39,"column":2},"end":{"line":44,"column":3}},"type":"if","locations":[{"start":{"line":39,"column":2},"end":{"line":44,"column":3}},{"start":{},"end":{}}],"line":39},"5":{"loc":{"start":{"line":46,"column":2},"end":{"line":48,"column":3}},"type":"if","locations":[{"start":{"line":46,"column":2},"end":{"line":48,"column":3}},{"start":{},"end":{}}],"line":46},"6":{"loc":{"start":{"line":50,"column":2},"end":{"line":52,"column":3}},"type":"if","locations":[{"start":{"line":50,"column":2},"end":{"line":52,"column":3}},{"start":{},"end":{}}],"line":50},"7":{"loc":{"start":{"line":54,"column":2},"end":{"line":64,"column":3}},"type":"if","locations":[{"start":{"line":54,"column":2},"end":{"line":64,"column":3}},{"start":{},"end":{}}],"line":54},"8":{"loc":{"start":{"line":54,"column":6},"end":{"line":54,"column":46}},"type":"binary-expr","locations":[{"start":{"line":54,"column":6},"end":{"line":54,"column":24}},{"start":{"line":54,"column":28},"end":{"line":54,"column":46}}],"line":54},"9":{"loc":{"start":{"line":58,"column":4},"end":{"line":60,"column":5}},"type":"if","locations":[{"start":{"line":58,"column":4},"end":{"line":60,"column":5}},{"start":{},"end":{}}],"line":58},"10":{"loc":{"start":{"line":61,"column":4},"end":{"line":63,"column":5}},"type":"if","locations":[{"start":{"line":61,"column":4},"end":{"line":63,"column":5}},{"start":{},"end":{}}],"line":61},"11":{"loc":{"start":{"line":74,"column":19},"end":{"line":74,"column":46}},"type":"binary-expr","locations":[{"start":{"line":74,"column":19},"end":{"line":74,"column":31}},{"start":{"line":74,"column":35},"end":{"line":74,"column":46}}],"line":74},"12":{"loc":{"start":{"line":75,"column":26},"end":{"line":75,"column":72}},"type":"cond-expr","locations":[{"start":{"line":75,"column":58},"end":{"line":75,"column":63}},{"start":{"line":75,"column":66},"end":{"line":75,"column":72}}],"line":75},"13":{"loc":{"start":{"line":77,"column":4},"end":{"line":79,"column":5}},"type":"if","locations":[{"start":{"line":77,"column":4},"end":{"line":79,"column":5}},{"start":{},"end":{}}],"line":77},"14":{"loc":{"start":{"line":117,"column":2},"end":{"line":127,"column":3}},"type":"if","locations":[{"start":{"line":117,"column":2},"end":{"line":127,"column":3}},{"start":{"line":121,"column":9},"end":{"line":127,"column":3}}],"line":117},"15":{"loc":{"start":{"line":132,"column":2},"end":{"line":136,"column":3}},"type":"if","locations":[{"start":{"line":132,"column":2},"end":{"line":136,"column":3}},{"start":{},"end":{}}],"line":132},"16":{"loc":{"start":{"line":156,"column":4},"end":{"line":160,"column":5}},"type":"if","locations":[{"start":{"line":156,"column":4},"end":{"line":160,"column":5}},{"start":{},"end":{}}],"line":156},"17":{"loc":{"start":{"line":163,"column":4},"end":{"line":167,"column":5}},"type":"if","locations":[{"start":{"line":163,"column":4},"end":{"line":167,"column":5}},{"start":{"line":165,"column":11},"end":{"line":167,"column":5}}],"line":163},"18":{"loc":{"start":{"line":172,"column":2},"end":{"line":172,"column":31}},"type":"if","locations":[{"start":{"line":172,"column":2},"end":{"line":172,"column":31}},{"start":{},"end":{}}],"line":172},"19":{"loc":{"start":{"line":177,"column":2},"end":{"line":181,"column":3}},"type":"if","locations":[{"start":{"line":177,"column":2},"end":{"line":181,"column":3}},{"start":{},"end":{}}],"line":177},"20":{"loc":{"start":{"line":184,"column":2},"end":{"line":188,"column":3}},"type":"if","locations":[{"start":{"line":184,"column":2},"end":{"line":188,"column":3}},{"start":{},"end":{}}],"line":184},"21":{"loc":{"start":{"line":202,"column":4},"end":{"line":206,"column":5}},"type":"if","locations":[{"start":{"line":202,"column":4},"end":{"line":206,"column":5}},{"start":{"line":204,"column":11},"end":{"line":206,"column":5}}],"line":202},"22":{"loc":{"start":{"line":213,"column":2},"end":{"line":217,"column":3}},"type":"if","locations":[{"start":{"line":213,"column":2},"end":{"line":217,"column":3}},{"start":{},"end":{}}],"line":213},"23":{"loc":{"start":{"line":229,"column":4},"end":{"line":233,"column":5}},"type":"if","locations":[{"start":{"line":229,"column":4},"end":{"line":233,"column":5}},{"start":{"line":231,"column":11},"end":{"line":233,"column":5}}],"line":229},"24":{"loc":{"start":{"line":240,"column":2},"end":{"line":244,"column":3}},"type":"if","locations":[{"start":{"line":240,"column":2},"end":{"line":244,"column":3}},{"start":{},"end":{}}],"line":240},"25":{"loc":{"start":{"line":240,"column":6},"end":{"line":240,"column":59}},"type":"binary-expr","locations":[{"start":{"line":240,"column":6},"end":{"line":240,"column":12}},{"start":{"line":240,"column":16},"end":{"line":240,"column":37}},{"start":{"line":240,"column":41},"end":{"line":240,"column":59}}],"line":240},"26":{"loc":{"start":{"line":249,"column":4},"end":{"line":254,"column":5}},"type":"if","locations":[{"start":{"line":249,"column":4},"end":{"line":254,"column":5}},{"start":{},"end":{}}],"line":249},"27":{"loc":{"start":{"line":257,"column":19},"end":{"line":257,"column":45}},"type":"binary-expr","locations":[{"start":{"line":257,"column":19},"end":{"line":257,"column":36}},{"start":{"line":257,"column":40},"end":{"line":257,"column":45}}],"line":257},"28":{"loc":{"start":{"line":258,"column":16},"end":{"line":258,"column":42}},"type":"binary-expr","locations":[{"start":{"line":258,"column":16},"end":{"line":258,"column":30}},{"start":{"line":258,"column":34},"end":{"line":258,"column":42}}],"line":258}},"s":{"0":2,"1":2,"2":3,"3":0,"4":3,"5":3,"6":0,"7":3,"8":1,"9":1,"10":5,"11":5,"12":5,"13":5,"14":4,"15":0,"16":4,"17":0,"18":4,"19":0,"20":4,"21":0,"22":0,"23":0,"24":0,"25":0,"26":4,"27":4,"28":4,"29":4,"30":4,"31":4,"32":0,"33":4,"34":4,"35":4,"36":4,"37":2,"38":2,"39":4,"40":2,"41":2,"42":2,"43":0,"44":2,"45":2,"46":2,"47":1,"48":1,"49":0,"50":0,"51":0,"52":2,"53":0,"54":2,"55":2,"56":0,"57":2,"58":2,"59":0,"60":2,"61":2,"62":1,"63":1,"64":1,"65":0,"66":2,"67":2,"68":0,"69":2,"70":2,"71":1,"72":1,"73":1,"74":0,"75":0,"76":0,"77":0,"78":0,"79":0,"80":0,"81":0,"82":0,"83":0,"84":0,"85":0,"86":0,"87":0,"88":2},"f":{"0":3,"1":5,"2":4,"3":4,"4":2,"5":2,"6":2,"7":0},"b":{"0":[0,3],"1":[0,3],"2":[5,5],"3":[5,5],"4":[0,4],"5":[0,4],"6":[0,4],"7":[0,4],"8":[4,4],"9":[0,0],"10":[0,0],"11":[4,4],"12":[0,4],"13":[4,0],"14":[2,2],"15":[0,2],"16":[1,1],"17":[0,0],"18":[0,2],"19":[0,2],"20":[0,2],"21":[1,0],"22":[0,2],"23":[1,0],"24":[0,0],"25":[0,0,0],"26":[0,0],"27":[0,0],"28":[0,0]},"_coverageSchema":"1a1c01bbd47fc00a2c39e90264f33305004495a9","hash":"00d731bc431ee264444f5f53dcb72c91b905f5d7"}
,"E:\\CAW\\Desktop\\CTD\\Node_26.3\\node-homework\\controllers\\timeController.js": {"path":"E:\\CAW\\Desktop\\CTD\\Node_26.3\\node-homework\\controllers\\timeController.js","statementMap":{"0":{"start":{"line":2,"column":2},"end":{"line":4,"column":5}},"1":{"start":{"line":8,"column":2},"end":{"line":10,"column":5}},"2":{"start":{"line":13,"column":0},"end":{"line":16,"column":2}}},"fnMap":{"0":{"name":"getTime","decl":{"start":{"line":1,"column":9},"end":{"line":1,"column":16}},"loc":{"start":{"line":1,"column":27},"end":{"line":5,"column":1}},"line":1},"1":{"name":"echoBody","decl":{"start":{"line":7,"column":9},"end":{"line":7,"column":17}},"loc":{"start":{"line":7,"column":28},"end":{"line":11,"column":1}},"line":7}},"branchMap":{},"s":{"0":0,"1":0,"2":1},"f":{"0":0,"1":0},"b":{},"_coverageSchema":"1a1c01bbd47fc00a2c39e90264f33305004495a9","hash":"409021cbea694763a925945cfcb66b1ee719c9a6"}
,"E:\\CAW\\Desktop\\CTD\\Node_26.3\\node-homework\\controllers\\userController.js": {"path":"E:\\CAW\\Desktop\\CTD\\Node_26.3\\node-homework\\controllers\\userController.js","statementMap":{"0":{"start":{"line":1,"column":23},"end":{"line":1,"column":58}},"1":{"start":{"line":2,"column":15},"end":{"line":2,"column":32}},"2":{"start":{"line":3,"column":13},"end":{"line":3,"column":28}},"3":{"start":{"line":4,"column":15},"end":{"line":4,"column":38}},"4":{"start":{"line":5,"column":12},"end":{"line":5,"column":35}},"5":{"start":{"line":7,"column":15},"end":{"line":7,"column":44}},"6":{"start":{"line":10,"column":15},"end":{"line":10,"column":53}},"7":{"start":{"line":11,"column":21},"end":{"line":11,"column":53}},"8":{"start":{"line":12,"column":2},"end":{"line":12,"column":49}},"9":{"start":{"line":16,"column":22},"end":{"line":16,"column":43}},"10":{"start":{"line":17,"column":20},"end":{"line":17,"column":43}},"11":{"start":{"line":18,"column":21},"end":{"line":18,"column":58}},"12":{"start":{"line":19,"column":2},"end":{"line":19,"column":55}},"13":{"start":{"line":22,"column":20},"end":{"line":28,"column":1}},"14":{"start":{"line":23,"column":2},"end":{"line":27,"column":4}},"15":{"start":{"line":30,"column":21},"end":{"line":39,"column":1}},"16":{"start":{"line":31,"column":18},"end":{"line":31,"column":65}},"17":{"start":{"line":32,"column":16},"end":{"line":34,"column":4}},"18":{"start":{"line":36,"column":2},"end":{"line":36,"column":69}},"19":{"start":{"line":38,"column":2},"end":{"line":38,"column":27}},"20":{"start":{"line":42,"column":2},"end":{"line":42,"column":31}},"21":{"start":{"line":42,"column":17},"end":{"line":42,"column":31}},"22":{"start":{"line":43,"column":27},"end":{"line":45,"column":4}},"23":{"start":{"line":46,"column":2},"end":{"line":51,"column":3}},"24":{"start":{"line":47,"column":4},"end":{"line":50,"column":7}},"25":{"start":{"line":53,"column":2},"end":{"line":53,"column":60}},"26":{"start":{"line":55,"column":2},"end":{"line":55,"column":24}},"27":{"start":{"line":57,"column":2},"end":{"line":110,"column":3}},"28":{"start":{"line":58,"column":19},"end":{"line":89,"column":6}},"29":{"start":{"line":59,"column":19},"end":{"line":66,"column":8}},"30":{"start":{"line":67,"column":30},"end":{"line":71,"column":7}},"31":{"start":{"line":72,"column":6},"end":{"line":72,"column":58}},"32":{"start":{"line":74,"column":27},"end":{"line":86,"column":8}},"33":{"start":{"line":77,"column":50},"end":{"line":77,"column":57}},"34":{"start":{"line":88,"column":6},"end":{"line":88,"column":36}},"35":{"start":{"line":92,"column":22},"end":{"line":92,"column":57}},"36":{"start":{"line":95,"column":4},"end":{"line":100,"column":7}},"37":{"start":{"line":101,"column":4},"end":{"line":101,"column":11}},"38":{"start":{"line":103,"column":4},"end":{"line":109,"column":5}},"39":{"start":{"line":104,"column":6},"end":{"line":106,"column":9}},"40":{"start":{"line":108,"column":6},"end":{"line":108,"column":23}},"41":{"start":{"line":114,"column":30},"end":{"line":114,"column":38}},"42":{"start":{"line":116,"column":28},"end":{"line":116,"column":47}},"43":{"start":{"line":118,"column":15},"end":{"line":120,"column":4}},"44":{"start":{"line":122,"column":2},"end":{"line":126,"column":3}},"45":{"start":{"line":123,"column":4},"end":{"line":125,"column":67}},"46":{"start":{"line":128,"column":26},"end":{"line":128,"column":78}},"47":{"start":{"line":131,"column":2},"end":{"line":145,"column":3}},"48":{"start":{"line":132,"column":22},"end":{"line":132,"column":50}},"49":{"start":{"line":135,"column":4},"end":{"line":139,"column":7}},"50":{"start":{"line":142,"column":4},"end":{"line":144,"column":7}},"51":{"start":{"line":149,"column":2},"end":{"line":149,"column":43}},"52":{"start":{"line":150,"column":2},"end":{"line":150,"column":32}},"53":{"start":{"line":154,"column":17},"end":{"line":154,"column":40}},"54":{"start":{"line":156,"column":2},"end":{"line":158,"column":3}},"55":{"start":{"line":157,"column":4},"end":{"line":157,"column":62}},"56":{"start":{"line":160,"column":15},"end":{"line":179,"column":4}},"57":{"start":{"line":181,"column":2},"end":{"line":183,"column":3}},"58":{"start":{"line":182,"column":4},"end":{"line":182,"column":63}},"59":{"start":{"line":185,"column":2},"end":{"line":185,"column":29}},"60":{"start":{"line":188,"column":0},"end":{"line":188,"column":51}}},"fnMap":{"0":{"name":"hashPassword","decl":{"start":{"line":9,"column":15},"end":{"line":9,"column":27}},"loc":{"start":{"line":9,"column":38},"end":{"line":13,"column":1}},"line":9},"1":{"name":"comparePassword","decl":{"start":{"line":15,"column":15},"end":{"line":15,"column":30}},"loc":{"start":{"line":15,"column":58},"end":{"line":20,"column":1}},"line":15},"2":{"name":"(anonymous_2)","decl":{"start":{"line":22,"column":20},"end":{"line":22,"column":21}},"loc":{"start":{"line":22,"column":29},"end":{"line":28,"column":1}},"line":22},"3":{"name":"(anonymous_3)","decl":{"start":{"line":30,"column":21},"end":{"line":30,"column":22}},"loc":{"start":{"line":30,"column":41},"end":{"line":39,"column":1}},"line":30},"4":{"name":"register","decl":{"start":{"line":41,"column":15},"end":{"line":41,"column":23}},"loc":{"start":{"line":41,"column":40},"end":{"line":111,"column":1}},"line":41},"5":{"name":"(anonymous_5)","decl":{"start":{"line":58,"column":45},"end":{"line":58,"column":46}},"loc":{"start":{"line":58,"column":59},"end":{"line":89,"column":5}},"line":58},"6":{"name":"(anonymous_6)","decl":{"start":{"line":77,"column":43},"end":{"line":77,"column":44}},"loc":{"start":{"line":77,"column":50},"end":{"line":77,"column":57}},"line":77},"7":{"name":"logon","decl":{"start":{"line":113,"column":15},"end":{"line":113,"column":20}},"loc":{"start":{"line":113,"column":31},"end":{"line":146,"column":1}},"line":113},"8":{"name":"logoff","decl":{"start":{"line":148,"column":9},"end":{"line":148,"column":15}},"loc":{"start":{"line":148,"column":26},"end":{"line":151,"column":1}},"line":148},"9":{"name":"show","decl":{"start":{"line":153,"column":15},"end":{"line":153,"column":19}},"loc":{"start":{"line":153,"column":30},"end":{"line":186,"column":1}},"line":153}},"branchMap":{"0":{"loc":{"start":{"line":42,"column":2},"end":{"line":42,"column":31}},"type":"if","locations":[{"start":{"line":42,"column":2},"end":{"line":42,"column":31}},{"start":{},"end":{}}],"line":42},"1":{"loc":{"start":{"line":46,"column":2},"end":{"line":51,"column":3}},"type":"if","locations":[{"start":{"line":46,"column":2},"end":{"line":51,"column":3}},{"start":{},"end":{}}],"line":46},"2":{"loc":{"start":{"line":103,"column":4},"end":{"line":109,"column":5}},"type":"if","locations":[{"start":{"line":103,"column":4},"end":{"line":109,"column":5}},{"start":{"line":107,"column":11},"end":{"line":109,"column":5}}],"line":103},"3":{"loc":{"start":{"line":103,"column":8},"end":{"line":103,"column":76}},"type":"binary-expr","locations":[{"start":{"line":103,"column":8},"end":{"line":103,"column":52}},{"start":{"line":103,"column":56},"end":{"line":103,"column":76}}],"line":103},"4":{"loc":{"start":{"line":122,"column":2},"end":{"line":126,"column":3}},"type":"if","locations":[{"start":{"line":122,"column":2},"end":{"line":126,"column":3}},{"start":{},"end":{}}],"line":122},"5":{"loc":{"start":{"line":131,"column":2},"end":{"line":145,"column":3}},"type":"if","locations":[{"start":{"line":131,"column":2},"end":{"line":145,"column":3}},{"start":{"line":140,"column":9},"end":{"line":145,"column":3}}],"line":131},"6":{"loc":{"start":{"line":156,"column":2},"end":{"line":158,"column":3}},"type":"if","locations":[{"start":{"line":156,"column":2},"end":{"line":158,"column":3}},{"start":{},"end":{}}],"line":156},"7":{"loc":{"start":{"line":181,"column":2},"end":{"line":183,"column":3}},"type":"if","locations":[{"start":{"line":181,"column":2},"end":{"line":183,"column":3}},{"start":{},"end":{}}],"line":181}},"s":{"0":1,"1":1,"2":1,"3":1,"4":1,"5":1,"6":1,"7":1,"8":1,"9":1,"10":1,"11":1,"12":1,"13":1,"14":3,"15":1,"16":2,"17":2,"18":2,"19":2,"20":1,"21":0,"22":1,"23":1,"24":0,"25":1,"26":1,"27":1,"28":1,"29":1,"30":1,"31":1,"32":1,"33":3,"34":1,"35":1,"36":1,"37":1,"38":0,"39":0,"40":0,"41":1,"42":1,"43":1,"44":1,"45":0,"46":1,"47":1,"48":1,"49":1,"50":0,"51":1,"52":1,"53":0,"54":0,"55":0,"56":0,"57":0,"58":0,"59":0,"60":1},"f":{"0":1,"1":1,"2":3,"3":2,"4":1,"5":1,"6":3,"7":1,"8":1,"9":0},"b":{"0":[0,1],"1":[0,1],"2":[0,0],"3":[0,0],"4":[0,1],"5":[1,0],"6":[0,0],"7":[0,0]},"_coverageSchema":"1a1c01bbd47fc00a2c39e90264f33305004495a9","hash":"fac0844d3a5c916275e108b9f9d5bc6ebaed67d8"}
,"E:\\CAW\\Desktop\\CTD\\Node_26.3\\node-homework\\db\\prisma.js": {"path":"E:\\CAW\\Desktop\\CTD\\Node_26.3\\node-homework\\db\\prisma.js","statementMap":{"0":{"start":{"line":1,"column":25},"end":{"line":1,"column":50}},"1":{"start":{"line":4,"column":0},"end":{"line":8,"column":1}},"2":{"start":{"line":5,"column":2},"end":{"line":5,"column":28}},"3":{"start":{"line":7,"column":2},"end":{"line":7,"column":12}},"4":{"start":{"line":10,"column":15},"end":{"line":10,"column":37}},"5":{"start":{"line":12,"column":0},"end":{"line":12,"column":24}}},"fnMap":{},"branchMap":{"0":{"loc":{"start":{"line":4,"column":0},"end":{"line":8,"column":1}},"type":"if","locations":[{"start":{"line":4,"column":0},"end":{"line":8,"column":1}},{"start":{"line":6,"column":7},"end":{"line":8,"column":1}}],"line":4},"1":{"loc":{"start":{"line":4,"column":4},"end":{"line":4,"column":67}},"type":"binary-expr","locations":[{"start":{"line":4,"column":4},"end":{"line":4,"column":25}},{"start":{"line":4,"column":29},"end":{"line":4,"column":67}}],"line":4}},"s":{"0":2,"1":2,"2":0,"3":2,"4":2,"5":2},"f":{},"b":{"0":[0,2],"1":[2,2]},"_coverageSchema":"1a1c01bbd47fc00a2c39e90264f33305004495a9","hash":"13b36301e4d26183883281bba1a4049ab702f4ee"}
,"E:\\CAW\\Desktop\\CTD\\Node_26.3\\node-homework\\middleware\\error-handler.js": {"path":"E:\\CAW\\Desktop\\CTD\\Node_26.3\\node-homework\\middleware\\error-handler.js","statementMap":{"0":{"start":{"line":2,"column":2},"end":{"line":4,"column":3}},"1":{"start":{"line":3,"column":4},"end":{"line":3,"column":70}},"2":{"start":{"line":5,"column":2},"end":{"line":5,"column":21}},"3":{"start":{"line":6,"column":2},"end":{"line":8,"column":5}},"4":{"start":{"line":11,"column":0},"end":{"line":11,"column":30}}},"fnMap":{"0":{"name":"errorHandler","decl":{"start":{"line":1,"column":9},"end":{"line":1,"column":21}},"loc":{"start":{"line":1,"column":43},"end":{"line":9,"column":1}},"line":1}},"branchMap":{"0":{"loc":{"start":{"line":2,"column":2},"end":{"line":4,"column":3}},"type":"if","locations":[{"start":{"line":2,"column":2},"end":{"line":4,"column":3}},{"start":{},"end":{}}],"line":2}},"s":{"0":0,"1":0,"2":0,"3":0,"4":1},"f":{"0":0},"b":{"0":[0,0]},"_coverageSchema":"1a1c01bbd47fc00a2c39e90264f33305004495a9","hash":"eaac9594e70bcdc577c6feee1c4f08d7744d8e2d"}
,"E:\\CAW\\Desktop\\CTD\\Node_26.3\\node-homework\\middleware\\jwtMiddleware.js": {"path":"E:\\CAW\\Desktop\\CTD\\Node_26.3\\node-homework\\middleware\\jwtMiddleware.js","statementMap":{"0":{"start":{"line":1,"column":12},"end":{"line":1,"column":35}},"1":{"start":{"line":2,"column":24},"end":{"line":2,"column":52}},"2":{"start":{"line":4,"column":16},"end":{"line":8,"column":1}},"3":{"start":{"line":5,"column":2},"end":{"line":7,"column":52}},"4":{"start":{"line":10,"column":0},"end":{"line":27,"column":2}},"5":{"start":{"line":11,"column":16},"end":{"line":11,"column":33}},"6":{"start":{"line":12,"column":2},"end":{"line":14,"column":3}},"7":{"start":{"line":13,"column":4},"end":{"line":13,"column":24}},"8":{"start":{"line":15,"column":2},"end":{"line":26,"column":5}},"9":{"start":{"line":16,"column":4},"end":{"line":18,"column":5}},"10":{"start":{"line":17,"column":6},"end":{"line":17,"column":26}},"11":{"start":{"line":19,"column":4},"end":{"line":19,"column":34}},"12":{"start":{"line":20,"column":4},"end":{"line":24,"column":5}},"13":{"start":{"line":21,"column":6},"end":{"line":23,"column":7}},"14":{"start":{"line":22,"column":8},"end":{"line":22,"column":28}},"15":{"start":{"line":25,"column":4},"end":{"line":25,"column":11}}},"fnMap":{"0":{"name":"(anonymous_0)","decl":{"start":{"line":4,"column":16},"end":{"line":4,"column":17}},"loc":{"start":{"line":4,"column":25},"end":{"line":8,"column":1}},"line":4},"1":{"name":"(anonymous_1)","decl":{"start":{"line":10,"column":17},"end":{"line":10,"column":18}},"loc":{"start":{"line":10,"column":43},"end":{"line":27,"column":1}},"line":10},"2":{"name":"(anonymous_2)","decl":{"start":{"line":15,"column":44},"end":{"line":15,"column":45}},"loc":{"start":{"line":15,"column":62},"end":{"line":26,"column":3}},"line":15}},"branchMap":{"0":{"loc":{"start":{"line":12,"column":2},"end":{"line":14,"column":3}},"type":"if","locations":[{"start":{"line":12,"column":2},"end":{"line":14,"column":3}},{"start":{},"end":{}}],"line":12},"1":{"loc":{"start":{"line":16,"column":4},"end":{"line":18,"column":5}},"type":"if","locations":[{"start":{"line":16,"column":4},"end":{"line":18,"column":5}},{"start":{},"end":{}}],"line":16},"2":{"loc":{"start":{"line":20,"column":4},"end":{"line":24,"column":5}},"type":"if","locations":[{"start":{"line":20,"column":4},"end":{"line":24,"column":5}},{"start":{},"end":{}}],"line":20},"3":{"loc":{"start":{"line":21,"column":6},"end":{"line":23,"column":7}},"type":"if","locations":[{"start":{"line":21,"column":6},"end":{"line":23,"column":7}},{"start":{},"end":{}}],"line":21}},"s":{"0":1,"1":1,"2":1,"3":1,"4":1,"5":2,"6":2,"7":1,"8":1,"9":1,"10":0,"11":1,"12":1,"13":0,"14":0,"15":1},"f":{"0":1,"1":2,"2":1},"b":{"0":[1,1],"1":[0,1],"2":[0,1],"3":[0,0]},"_coverageSchema":"1a1c01bbd47fc00a2c39e90264f33305004495a9","hash":"071556c875043f87bca6aa78f8ae8f9ab1d3fdff"}
,"E:\\CAW\\Desktop\\CTD\\Node_26.3\\node-homework\\middleware\\not-found.js": {"path":"E:\\CAW\\Desktop\\CTD\\Node_26.3\\node-homework\\middleware\\not-found.js","statementMap":{"0":{"start":{"line":2,"column":2},"end":{"line":4,"column":5}},"1":{"start":{"line":7,"column":0},"end":{"line":7,"column":26}}},"fnMap":{"0":{"name":"notFound","decl":{"start":{"line":1,"column":9},"end":{"line":1,"column":17}},"loc":{"start":{"line":1,"column":28},"end":{"line":5,"column":1}},"line":1}},"branchMap":{},"s":{"0":0,"1":1},"f":{"0":0},"b":{},"_coverageSchema":"1a1c01bbd47fc00a2c39e90264f33305004495a9","hash":"ce220b6397826f57ecb8a530ddff8fcccbccf34c"}
,"E:\\CAW\\Desktop\\CTD\\Node_26.3\\node-homework\\routes\\analyticsRoutes.js": {"path":"E:\\CAW\\Desktop\\CTD\\Node_26.3\\node-homework\\routes\\analyticsRoutes.js","statementMap":{"0":{"start":{"line":1,"column":16},"end":{"line":1,"column":34}},"1":{"start":{"line":2,"column":28},"end":{"line":2,"column":73}},"2":{"start":{"line":4,"column":15},"end":{"line":4,"column":31}},"3":{"start":{"line":6,"column":0},"end":{"line":6,"column":63}},"4":{"start":{"line":7,"column":0},"end":{"line":7,"column":60}},"5":{"start":{"line":8,"column":0},"end":{"line":8,"column":61}},"6":{"start":{"line":10,"column":0},"end":{"line":10,"column":24}}},"fnMap":{},"branchMap":{},"s":{"0":1,"1":1,"2":1,"3":1,"4":1,"5":1,"6":1},"f":{},"b":{},"_coverageSchema":"1a1c01bbd47fc00a2c39e90264f33305004495a9","hash":"911cb52ed668a3b2840c89a0f4f6c76e68a97007"}
,"E:\\CAW\\Desktop\\CTD\\Node_26.3\\node-homework\\routes\\taskRoutes.js": {"path":"E:\\CAW\\Desktop\\CTD\\Node_26.3\\node-homework\\routes\\taskRoutes.js","statementMap":{"0":{"start":{"line":1,"column":16},"end":{"line":1,"column":34}},"1":{"start":{"line":2,"column":23},"end":{"line":2,"column":63}},"2":{"start":{"line":3,"column":22},"end":{"line":3,"column":60}},"3":{"start":{"line":5,"column":15},"end":{"line":5,"column":31}},"4":{"start":{"line":7,"column":0},"end":{"line":7,"column":26}},"5":{"start":{"line":9,"column":0},"end":{"line":9,"column":40}},"6":{"start":{"line":10,"column":0},"end":{"line":10,"column":38}},"7":{"start":{"line":11,"column":0},"end":{"line":11,"column":48}},"8":{"start":{"line":12,"column":0},"end":{"line":12,"column":40}},"9":{"start":{"line":13,"column":0},"end":{"line":13,"column":44}},"10":{"start":{"line":14,"column":0},"end":{"line":14,"column":49}},"11":{"start":{"line":16,"column":0},"end":{"line":16,"column":24}}},"fnMap":{},"branchMap":{},"s":{"0":1,"1":1,"2":1,"3":1,"4":1,"5":1,"6":1,"7":1,"8":1,"9":1,"10":1,"11":1},"f":{},"b":{},"_coverageSchema":"1a1c01bbd47fc00a2c39e90264f33305004495a9","hash":"03257b9b8cd1e6c1446f9b6b185782faa91b3fb3"}
,"E:\\CAW\\Desktop\\CTD\\Node_26.3\\node-homework\\routes\\timeRoutes.js": {"path":"E:\\CAW\\Desktop\\CTD\\Node_26.3\\node-homework\\routes\\timeRoutes.js","statementMap":{"0":{"start":{"line":1,"column":16},"end":{"line":1,"column":34}},"1":{"start":{"line":2,"column":23},"end":{"line":2,"column":63}},"2":{"start":{"line":4,"column":15},"end":{"line":4,"column":31}},"3":{"start":{"line":6,"column":0},"end":{"line":6,"column":44}},"4":{"start":{"line":7,"column":0},"end":{"line":7,"column":46}},"5":{"start":{"line":9,"column":0},"end":{"line":9,"column":24}}},"fnMap":{},"branchMap":{},"s":{"0":1,"1":1,"2":1,"3":1,"4":1,"5":1},"f":{},"b":{},"_coverageSchema":"1a1c01bbd47fc00a2c39e90264f33305004495a9","hash":"7bf05842dae609f5350712da416833288eb24153"}
,"E:\\CAW\\Desktop\\CTD\\Node_26.3\\node-homework\\routes\\userRoutes.js": {"path":"E:\\CAW\\Desktop\\CTD\\Node_26.3\\node-homework\\routes\\userRoutes.js","statementMap":{"0":{"start":{"line":1,"column":16},"end":{"line":1,"column":34}},"1":{"start":{"line":2,"column":23},"end":{"line":2,"column":63}},"2":{"start":{"line":4,"column":15},"end":{"line":4,"column":31}},"3":{"start":{"line":6,"column":0},"end":{"line":6,"column":50}},"4":{"start":{"line":7,"column":0},"end":{"line":7,"column":44}},"5":{"start":{"line":8,"column":0},"end":{"line":8,"column":46}},"6":{"start":{"line":9,"column":0},"end":{"line":9,"column":42}},"7":{"start":{"line":11,"column":0},"end":{"line":11,"column":24}}},"fnMap":{},"branchMap":{},"s":{"0":1,"1":1,"2":1,"3":1,"4":1,"5":1,"6":1,"7":1},"f":{},"b":{},"_coverageSchema":"1a1c01bbd47fc00a2c39e90264f33305004495a9","hash":"d821379b1f60cf33c813bdbfebb63d38a1a3e8e7"}
,"E:\\CAW\\Desktop\\CTD\\Node_26.3\\node-homework\\test\\waitForRouteHandlerCompletion.js": {"path":"E:\\CAW\\Desktop\\CTD\\Node_26.3\\node-homework\\test\\waitForRouteHandlerCompletion.js","statementMap":{"0":{"start":{"line":1,"column":38},"end":{"line":15,"column":1}},"1":{"start":{"line":3,"column":18},"end":{"line":11,"column":4}},"2":{"start":{"line":4,"column":4},"end":{"line":7,"column":7}},"3":{"start":{"line":5,"column":6},"end":{"line":5,"column":38}},"4":{"start":{"line":5,"column":17},"end":{"line":5,"column":38}},"5":{"start":{"line":6,"column":6},"end":{"line":6,"column":16}},"6":{"start":{"line":8,"column":4},"end":{"line":10,"column":7}},"7":{"start":{"line":9,"column":6},"end":{"line":9,"column":16}},"8":{"start":{"line":12,"column":2},"end":{"line":12,"column":29}},"9":{"start":{"line":13,"column":2},"end":{"line":13,"column":16}},"10":{"start":{"line":14,"column":2},"end":{"line":14,"column":14}},"11":{"start":{"line":16,"column":0},"end":{"line":16,"column":47}}},"fnMap":{"0":{"name":"(anonymous_0)","decl":{"start":{"line":1,"column":38},"end":{"line":1,"column":39}},"loc":{"start":{"line":1,"column":64},"end":{"line":15,"column":1}},"line":1},"1":{"name":"(anonymous_1)","decl":{"start":{"line":3,"column":30},"end":{"line":3,"column":31}},"loc":{"start":{"line":3,"column":51},"end":{"line":11,"column":3}},"line":3},"2":{"name":"(anonymous_2)","decl":{"start":{"line":4,"column":19},"end":{"line":4,"column":20}},"loc":{"start":{"line":4,"column":30},"end":{"line":7,"column":5}},"line":4},"3":{"name":"(anonymous_3)","decl":{"start":{"line":8,"column":21},"end":{"line":8,"column":22}},"loc":{"start":{"line":8,"column":27},"end":{"line":10,"column":5}},"line":8}},"branchMap":{"0":{"loc":{"start":{"line":5,"column":6},"end":{"line":5,"column":38}},"type":"if","locations":[{"start":{"line":5,"column":6},"end":{"line":5,"column":38}},{"start":{},"end":{}}],"line":5}},"s":{"0":1,"1":13,"2":13,"3":0,"4":0,"5":0,"6":13,"7":10,"8":13,"9":10,"10":10,"11":1},"f":{"0":13,"1":13,"2":0,"3":10},"b":{"0":[0,0]},"_coverageSchema":"1a1c01bbd47fc00a2c39e90264f33305004495a9","hash":"44e24acf364eee44a61b0f8f2575c98b7e2b224c"}
,"E:\\CAW\\Desktop\\CTD\\Node_26.3\\node-homework\\validation\\taskSchema.js": {"path":"E:\\CAW\\Desktop\\CTD\\Node_26.3\\node-homework\\validation\\taskSchema.js","statementMap":{"0":{"start":{"line":1,"column":12},"end":{"line":1,"column":26}},"1":{"start":{"line":3,"column":19},"end":{"line":10,"column":2}},"2":{"start":{"line":12,"column":24},"end":{"line":18,"column":40}},"3":{"start":{"line":20,"column":0},"end":{"line":20,"column":49}}},"fnMap":{},"branchMap":{},"s":{"0":3,"1":3,"2":3,"3":3},"f":{},"b":{},"_coverageSchema":"1a1c01bbd47fc00a2c39e90264f33305004495a9","hash":"9750726c2bfb06cdaf511da8bdf4ff844a984e9a"}
,"E:\\CAW\\Desktop\\CTD\\Node_26.3\\node-homework\\validation\\userSchema.js": {"path":"E:\\CAW\\Desktop\\CTD\\Node_26.3\\node-homework\\validation\\userSchema.js","statementMap":{"0":{"start":{"line":1,"column":12},"end":{"line":1,"column":26}},"1":{"start":{"line":3,"column":19},"end":{"line":15,"column":2}},"2":{"start":{"line":17,"column":0},"end":{"line":17,"column":32}}},"fnMap":{},"branchMap":{},"s":{"0":2,"1":2,"2":2},"f":{},"b":{},"_coverageSchema":"1a1c01bbd47fc00a2c39e90264f33305004495a9","hash":"e1e9a5ada8029e0dfefb868c9e628447fee1ab81"}
}
