TN:
SF:app.js
FN:41,(anonymous_0)
FN:53,(anonymous_1)
FN:57,(anonymous_2)
FN:68,(anonymous_3)
FN:73,(anonymous_4)
FN:86,shutdown
FN:93,(anonymous_6)
FN:94,(anonymous_7)
FN:111,(anonymous_8)
FN:112,(anonymous_9)
FNF:10
FNH:1
FNDA:0,(anonymous_0)
FNDA:0,(anonymous_1)
FNDA:0,(anonymous_2)
FNDA:1,(anonymous_3)
FNDA:0,(anonymous_4)
FNDA:0,shutdown
FNDA:0,(anonymous_6)
FNDA:0,(anonymous_7)
FNDA:0,(anonymous_8)
FNDA:0,(anonymous_9)
DA:1,1
DA:2,1
DA:3,1
DA:4,1
DA:5,1
DA:6,1
DA:7,1
DA:8,1
DA:9,1
DA:11,1
DA:13,1
DA:15,1
DA:16,1
DA:17,1
DA:19,1
DA:26,1
DA:28,1
DA:30,1
DA:32,1
DA:35,1
DA:37,1
DA:38,1
DA:39,1
DA:41,1
DA:42,0
DA:43,0
DA:44,0
DA:46,0
DA:53,1
DA:54,0
DA:57,1
DA:58,0
DA:63,1
DA:64,1
DA:66,1
DA:68,1
DA:69,1
DA:73,1
DA:74,0
DA:75,0
DA:77,0
DA:80,0
DA:84,1
DA:87,0
DA:88,0
DA:90,0
DA:92,0
DA:93,0
DA:94,0
DA:95,0
DA:96,0
DA:99,0
DA:101,0
DA:102,0
DA:104,0
DA:105,0
DA:107,0
DA:111,1
DA:112,1
DA:114,1
LF:60
LH:36
BRDA:66,0,0,1
BRDA:66,0,1,1
BRDA:74,1,0,0
BRDA:74,1,1,0
BRDA:86,2,0,0
BRDA:87,3,0,0
BRDA:87,3,1,0
BRDA:95,4,0,0
BRDA:95,4,1,0
BRF:9
BRH:2
end_of_record
TN:
SF:controllers\analyticsController.js
FN:3,getUserAnalytics
FN:61,getUsersWithStats
FN:91,(anonymous_2)
FN:114,searchTasks
FNF:4
FNH:0
FNDA:0,getUserAnalytics
FNDA:0,getUsersWithStats
FNDA:0,(anonymous_2)
FNDA:0,searchTasks
DA:1,1
DA:4,0
DA:6,0
DA:7,0
DA:10,0
DA:14,0
DA:15,0
DA:18,0
DA:24,0
DA:42,0
DA:43,0
DA:45,0
DA:54,0
DA:62,0
DA:63,0
DA:64,0
DA:66,0
DA:67,0
DA:73,0
DA:91,0
DA:100,0
DA:102,0
DA:111,0
DA:115,0
DA:117,0
DA:118,0
DA:123,0
DA:125,0
DA:126,0
DA:127,0
DA:129,0
DA:153,0
DA:160,1
LF:33
LH:2
BRDA:6,0,0,0
BRDA:6,0,1,0
BRDA:14,1,0,0
BRDA:14,1,1,0
BRDA:62,2,0,0
BRDA:62,2,1,0
BRDA:63,3,0,0
BRDA:63,3,1,0
BRDA:66,4,0,0
BRDA:66,4,1,0
BRDA:66,5,0,0
BRDA:66,5,1,0
BRDA:66,5,2,0
BRDA:117,6,0,0
BRDA:117,6,1,0
BRDA:117,7,0,0
BRDA:117,7,1,0
BRDA:123,8,0,0
BRDA:123,8,1,0
BRF:19
BRH:0
end_of_record
TN:
SF:controllers\taskController.js
FN:4,create
FN:32,index
FN:66,(anonymous_2)
FN:123,(anonymous_3)
FN:130,show
FN:171,update
FN:210,deleteTask
FN:237,bulkCreate
FNF:8
FNH:7
FNDA:3,create
FNDA:5,index
FNDA:4,(anonymous_2)
FNDA:4,(anonymous_3)
FNDA:2,show
FNDA:2,update
FNDA:2,deleteTask
FNDA:0,bulkCreate
DA:1,2
DA:2,2
DA:5,3
DA:6,3
DA:10,3
DA:11,0
DA:16,3
DA:28,1
DA:29,1
DA:33,5
DA:34,5
DA:35,5
DA:37,5
DA:39,4
DA:40,0
DA:46,4
DA:47,0
DA:50,4
DA:51,0
DA:54,4
DA:56,0
DA:58,0
DA:59,0
DA:61,0
DA:62,0
DA:66,4
DA:67,4
DA:74,4
DA:75,4
DA:77,4
DA:78,4
DA:81,0
DA:84,4
DA:104,4
DA:108,4
DA:117,4
DA:118,2
DA:122,2
DA:123,4
DA:126,2
DA:131,2
DA:132,2
DA:133,0
DA:138,2
DA:139,2
DA:156,2
DA:157,1
DA:161,1
DA:163,0
DA:164,0
DA:166,0
DA:172,2
DA:173,2
DA:177,2
DA:178,0
DA:183,2
DA:184,2
DA:185,0
DA:190,2
DA:191,2
DA:200,1
DA:202,1
DA:203,1
DA:205,0
DA:211,2
DA:213,2
DA:214,0
DA:219,2
DA:220,2
DA:227,1
DA:229,1
DA:230,1
DA:232,0
DA:238,0
DA:240,0
DA:241,0
DA:246,0
DA:247,0
DA:248,0
DA:249,0
DA:250,0
DA:255,0
DA:263,0
DA:264,0
DA:269,0
DA:275,0
DA:279,2
LF:87
LH:55
BRDA:5,0,0,0
BRDA:5,0,1,3
BRDA:10,1,0,0
BRDA:10,1,1,3
BRDA:33,2,0,5
BRDA:33,2,1,5
BRDA:34,3,0,5
BRDA:34,3,1,5
BRDA:39,4,0,0
BRDA:39,4,1,4
BRDA:46,5,0,0
BRDA:46,5,1,4
BRDA:50,6,0,0
BRDA:50,6,1,4
BRDA:54,7,0,0
BRDA:54,7,1,4
BRDA:54,8,0,4
BRDA:54,8,1,4
BRDA:58,9,0,0
BRDA:58,9,1,0
BRDA:61,10,0,0
BRDA:61,10,1,0
BRDA:74,11,0,4
BRDA:74,11,1,4
BRDA:75,12,0,0
BRDA:75,12,1,4
BRDA:77,13,0,4
BRDA:77,13,1,0
BRDA:117,14,0,2
BRDA:117,14,1,2
BRDA:132,15,0,0
BRDA:132,15,1,2
BRDA:156,16,0,1
BRDA:156,16,1,1
BRDA:163,17,0,0
BRDA:163,17,1,0
BRDA:172,18,0,0
BRDA:172,18,1,2
BRDA:177,19,0,0
BRDA:177,19,1,2
BRDA:184,20,0,0
BRDA:184,20,1,2
BRDA:202,21,0,1
BRDA:202,21,1,0
BRDA:213,22,0,0
BRDA:213,22,1,2
BRDA:229,23,0,1
BRDA:229,23,1,0
BRDA:240,24,0,0
BRDA:240,24,1,0
BRDA:240,25,0,0
BRDA:240,25,1,0
BRDA:240,25,2,0
BRDA:249,26,0,0
BRDA:249,26,1,0
BRDA:257,27,0,0
BRDA:257,27,1,0
BRDA:258,28,0,0
BRDA:258,28,1,0
BRF:59
BRH:27
end_of_record
TN:
SF:controllers\timeController.js
FN:1,getTime
FN:7,echoBody
FNF:2
FNH:0
FNDA:0,getTime
FNDA:0,echoBody
DA:2,0
DA:8,0
DA:13,1
LF:3
LH:1
BRF:0
BRH:0
end_of_record
TN:
SF:controllers\userController.js
FN:9,hashPassword
FN:15,comparePassword
FN:22,(anonymous_2)
FN:30,(anonymous_3)
FN:41,register
FN:58,(anonymous_5)
FN:77,(anonymous_6)
FN:113,logon
FN:148,logoff
FN:153,show
FNF:10
FNH:9
FNDA:1,hashPassword
FNDA:1,comparePassword
FNDA:3,(anonymous_2)
FNDA:2,(anonymous_3)
FNDA:1,register
FNDA:1,(anonymous_5)
FNDA:3,(anonymous_6)
FNDA:1,logon
FNDA:1,logoff
FNDA:0,show
DA:1,1
DA:2,1
DA:3,1
DA:4,1
DA:5,1
DA:7,1
DA:10,1
DA:11,1
DA:12,1
DA:16,1
DA:17,1
DA:18,1
DA:19,1
DA:22,1
DA:23,3
DA:30,1
DA:31,2
DA:32,2
DA:36,2
DA:38,2
DA:42,1
DA:43,1
DA:46,1
DA:47,0
DA:53,1
DA:55,1
DA:57,1
DA:58,1
DA:59,1
DA:67,1
DA:72,1
DA:74,1
DA:77,3
DA:88,1
DA:92,1
DA:95,1
DA:101,1
DA:103,0
DA:104,0
DA:108,0
DA:114,1
DA:116,1
DA:118,1
DA:122,1
DA:123,0
DA:128,1
DA:131,1
DA:132,1
DA:135,1
DA:142,0
DA:149,1
DA:150,1
DA:154,0
DA:156,0
DA:157,0
DA:160,0
DA:181,0
DA:182,0
DA:185,0
DA:188,1
LF:60
LH:47
BRDA:42,0,0,0
BRDA:42,0,1,1
BRDA:46,1,0,0
BRDA:46,1,1,1
BRDA:103,2,0,0
BRDA:103,2,1,0
BRDA:103,3,0,0
BRDA:103,3,1,0
BRDA:122,4,0,0
BRDA:122,4,1,1
BRDA:131,5,0,1
BRDA:131,5,1,0
BRDA:156,6,0,0
BRDA:156,6,1,0
BRDA:181,7,0,0
BRDA:181,7,1,0
BRF:16
BRH:4
end_of_record
TN:
SF:db\prisma.js
FNF:0
FNH:0
DA:1,2
DA:4,2
DA:5,0
DA:7,2
DA:10,2
DA:12,2
LF:6
LH:5
BRDA:4,0,0,0
BRDA:4,0,1,2
BRDA:4,1,0,2
BRDA:4,1,1,2
BRF:4
BRH:3
end_of_record
TN:
SF:middleware\error-handler.js
FN:1,errorHandler
FNF:1
FNH:0
FNDA:0,errorHandler
DA:2,0
DA:3,0
DA:5,0
DA:6,0
DA:11,1
LF:5
LH:1
BRDA:2,0,0,0
BRDA:2,0,1,0
BRF:2
BRH:0
end_of_record
TN:
SF:middleware\jwtMiddleware.js
FN:4,(anonymous_0)
FN:10,(anonymous_1)
FN:15,(anonymous_2)
FNF:3
FNH:3
FNDA:1,(anonymous_0)
FNDA:2,(anonymous_1)
FNDA:1,(anonymous_2)
DA:1,1
DA:2,1
DA:4,1
DA:5,1
DA:10,1
DA:11,2
DA:12,2
DA:13,1
DA:15,1
DA:16,1
DA:17,0
DA:19,1
DA:20,1
DA:21,0
DA:22,0
DA:25,1
LF:16
LH:13
BRDA:12,0,0,1
BRDA:12,0,1,1
BRDA:16,1,0,0
BRDA:16,1,1,1
BRDA:20,2,0,0
BRDA:20,2,1,1
BRDA:21,3,0,0
BRDA:21,3,1,0
BRF:8
BRH:4
end_of_record
TN:
SF:middleware\not-found.js
FN:1,notFound
FNF:1
FNH:0
FNDA:0,notFound
DA:2,0
DA:7,1
LF:2
LH:1
BRF:0
BRH:0
end_of_record
TN:
SF:routes\analyticsRoutes.js
FNF:0
FNH:0
DA:1,1
DA:2,1
DA:4,1
DA:6,1
DA:7,1
DA:8,1
DA:10,1
LF:7
LH:7
BRF:0
BRH:0
end_of_record
TN:
SF:routes\taskRoutes.js
FNF:0
FNH:0
DA:1,1
DA:2,1
DA:3,1
DA:5,1
DA:7,1
DA:9,1
DA:10,1
DA:11,1
DA:12,1
DA:13,1
DA:14,1
DA:16,1
LF:12
LH:12
BRF:0
BRH:0
end_of_record
TN:
SF:routes\timeRoutes.js
FNF:0
FNH:0
DA:1,1
DA:2,1
DA:4,1
DA:6,1
DA:7,1
DA:9,1
LF:6
LH:6
BRF:0
BRH:0
end_of_record
TN:
SF:routes\userRoutes.js
FNF:0
FNH:0
DA:1,1
DA:2,1
DA:4,1
DA:6,1
DA:7,1
DA:8,1
DA:9,1
DA:11,1
LF:8
LH:8
BRF:0
BRH:0
end_of_record
TN:
SF:test\waitForRouteHandlerCompletion.js
FN:1,(anonymous_0)
FN:3,(anonymous_1)
FN:4,(anonymous_2)
FN:8,(anonymous_3)
FNF:4
FNH:3
FNDA:13,(anonymous_0)
FNDA:13,(anonymous_1)
FNDA:0,(anonymous_2)
FNDA:10,(anonymous_3)
DA:1,1
DA:3,13
DA:4,13
DA:5,0
DA:6,0
DA:8,13
DA:9,10
DA:12,13
DA:13,10
DA:14,10
DA:16,1
LF:11
LH:9
BRDA:5,0,0,0
BRDA:5,0,1,0
BRF:2
BRH:0
end_of_record
TN:
SF:validation\taskSchema.js
FNF:0
FNH:0
DA:1,3
DA:3,3
DA:12,3
DA:20,3
LF:4
LH:4
BRF:0
BRH:0
end_of_record
TN:
SF:validation\userSchema.js
FNF:0
FNH:0
DA:1,2
DA:3,2
DA:17,2
LF:3
LH:3
BRF:0
BRH:0
end_of_record
